
<!DOCTYPE html>
<html>


<head>
	<meta charset='UTF-8' /> 
	<meta name='description' content='' />
	<meta name='robots' content='noodp, noydir' />
	<meta name='viewport' content='width=device-width, initial-scale=1' />
	<meta id="timeStampFormat" name="timeStampFormat" content='MMM d, yyyy hh:mm:ss a'/>
	
	<link href='https://fonts.googleapis.com/css?family=Source+Sans+Pro:400,600' rel='stylesheet' type='text/css'>
	<link href="https://fonts.googleapis.com/icon?family=Material+Icons" rel="stylesheet">

		<link href='https://cdn.rawgit.com/anshooarora/extentreports-java/b4a58fcfd1e137bd9287244035a7c80d3d73b3af/dist/css/extent.css' type='text/css' rel='stylesheet' />
	
	<title>XYZ bank - Cucumber Framework</title>

	<style type='text/css'>
			
            

      
        
	</style>
</head>

	<body class='extent dark default hide-overflow bdd-report'>
		<div id='theme-selector' alt='Click to toggle theme. To enable by default, use theme configuration.' title='Click to toggle theme. To enable by default, use theme configuration.'>
			<span><i class='material-icons'>desktop_windows</i></span>
		</div>

<nav>
	<div class="nav-wrapper">
		<a href="#!" class="brand-logo blue darken-3">Extent</a>

		<!-- slideout menu -->
		<ul id='slide-out' class='side-nav fixed hide-on-med-and-down'>
			<li class='waves-effect active'><a href='#!' view='test-view' onclick="configureView(0);chartsView('test');"><i class='material-icons'>dashboard</i></a></li>
						<li class='waves-effect'><a href='#!' view='category-view' onclick="configureView(1)"><i class='material-icons'>label_outline</i></a></li>
				<li class='waves-effect'><a href='#!' view='author-view' onclick="configureView(3)"><i class='material-icons'>person</i></a></li>
			<li class='waves-effect'><a href='#!' view='exception-view' onclick="configureView(2)"><i class='material-icons'>bug_report</i></a></li>
			<li class='waves-effect'><a href='#!' onclick="configureView(-1);chartsView('dashboard');" view='dashboard-view'><i class='material-icons'>track_changes</i></i></a></li>
		</ul>

		<!-- report name -->
		<span class='report-name'>Cucumber Report</span>
		
		<!-- report headline -->
		<span class='report-headline'></span>

		<!-- nav-right -->
		<ul id='nav-mobile' class='right hide-on-med-and-down nav-right'>
			<li>
                <a href='#!'>
                    <span class='label suite-start-time blue darken-3'>Dec 13, 2021 10:34:24 PM</span>
				</a>
			</li>
			<li>
                <a href='#!'>
                    <span class='label blue darken-3'>3.1.2</span>
				</a>
			</li>
		</ul>
	</div>
</nav>

		<!-- container -->
		<div class='container'>

<div id='test-view' class='view'>
				
	<section id='controls'>
		<div class='controls grey lighten-4'>
			<!-- test toggle -->
			<div class='chip transparent'>
				<a class='dropdown-button tests-toggle' data-activates='tests-toggle' data-constrainwidth='true' data-beloworigin='true' data-hover='true' href='#'>
					<i class='material-icons'>warning</i> Status
				</a>
				<ul id='tests-toggle' class='dropdown-content'>
											<li status='pass'><a href='#!'>Pass <i class='material-icons green-text'>check_circle</i></a></li>
						<li status='fail'><a href='#!'>Fail <i class='material-icons red-text'>cancel</i></a></li>
						<li status='skip'><a href='#!'>Skip <i class='material-icons cyan-text'>redo</i></a></li>
					<li class='divider'></li>
					<li status='clear' clear='true'><a href='#!'>Clear Filters <i class='material-icons'>clear</i></a></li>
				</ul>
			</div>
			<!-- test toggle -->

			<!-- category toggle -->
			<div class='chip transparent'>
				<a class='dropdown-button category-toggle' data-activates='category-toggle' data-constrainwidth='false' data-beloworigin='true' data-hover='true' href='#'>
					<i class='material-icons'>local_offer</i> Category
				</a>
				<ul id='category-toggle' class='dropdown-content'>
					<li><a href='#'>@Regression</a></li>
					<li class='divider'></li>
					<li class='clear'><a href='#!' clear='true'>Clear Filters</a></li>
				</ul>
			</div>
			<!-- category toggle -->

			<!-- clear filters -->
			<div class='chip transparent hide'>
				<a class='' id='clear-filters' alt='Clear Filters' title='Clear Filters'>
					<i class='material-icons'>close</i> Clear
				</a>
			</div>
			<!-- clear filters -->

			<!-- enable dashboard -->
			<div id='toggle-test-view-charts' class='chip transparent'>
				<a class='pink-text' id='enable-dashboard' alt='Enable Dashboard' title='Enable Dashboard'>
					<i class='material-icons'>track_changes</i> Dashboard
				</a>
			</div>
			<!-- enable dashboard -->

			<!-- search -->
			<div class='chip transparent' alt='Search Tests' title='Search Tests'>
				<a href="#" class='search-div'>
					<i class='material-icons'>search</i> Search
				</a>

				<div class='input-field left hide'>
					<input id='search-tests' type='text' class='validate browser-default' placeholder='Search Tests...'>
				</div>
				
			</div>
			<!-- search -->
		</div>
	</section>


<div id='test-view-charts' class='subview-full'>
	<div id='charts-row' class='row nm-v nm-h'>
		<div class='col s12 m4 l4 np-h'>
			<div class='card-panel nm-v'>
				<div class='left panel-name'>Features</div>
				<div class='chart-box'>
					<canvas id='parent-analysis' width='100' height='80'></canvas>
				</div>
				<div class='block text-small'>
					<span class='tooltipped' data-position='top' data-tooltip='0%'><span class='strong'>0</span> feature(s) passed</span>
				</div>
				<div class='block text-small'>
					<span class='strong tooltipped' data-position='top' data-tooltip='100%'>2</span> feature(s) failed, <span class='strong tooltipped' data-position='top' data-tooltip='0%'>0</span> others
				</div>
			</div>
		</div>
		
		<div class='col s12 m4 l4 np-h'>
			<div class='card-panel nm-v'>
				<div class='left panel-name'>Scenarios</div>
				<div class='chart-box'>
					<canvas id='child-analysis' width='100' height='80'></canvas>
				</div>
				<div class='block text-small'>
					<span class='tooltipped' data-position='top' data-tooltip='60%'><span class='strong'>3</span> scenario(s) passed</span>
				</div>
				<div class='block text-small'>
					<span class='strong tooltipped' data-position='top' data-tooltip='40%'>2</span> scenario(s) failed, <span class='strong tooltipped' data-position='top' data-tooltip='0%'>0</span> others
				</div>
			</div>
		</div>
		
		<div class='col s12 m4 l4 np-h'>
			<div class='card-panel nm-v'>
				<div class='left panel-name'>Steps</div>
				<div class='chart-box'>
					<canvas id='grandchild-analysis' width='100' height='80'></canvas>
				</div>
				<div class='block text-small'>
					<span class='tooltipped' data-position='top' data-tooltip='94%'><span class='strong'>47</span> step(s) passed</span>
				</div>
				<div class='block text-small'>
					<span class='strong tooltipped' data-position='top' data-tooltip='4%'>2</span> step(s) failed, <span class='strong tooltipped' data-position='top' data-tooltip='2%'>1</span> others
				</div>
			</div>
		</div>
	</div>
</div>

	<div class='subview-left left'>
		
		<div class='view-summary'>
			<h5>Features</h5>
			<ul id='test-collection' class='test-collection'>
				
				
				<li class='test displayed active has-leaf fail' status='fail' bdd='true' test-id='1'>
					<div class='test-heading'>
						<span class='test-name'>Bank Test</span>
						<span class='test-time'>Dec 13, 2021 10:34:24 PM</span>
						<span class='test-status right fail'>fail</span>
					</div>
					<div class='test-content hide'>
<div class='scenario node' test-id='2' status='pass'>
	<span class='duration right label'>0h 0m 16s+213ms</span>
	<div class='desc'>
		<b>Scenario</b>
		<span class="desc-text">Bank manager should be able to add customer name successfully</span>
	</div>
	<ul class='steps'>
		<li test-id='3' class='node given pass' status='pass'>
			
			<b>Given</b>
			
			<span class="bdd-step-name">Given I am on homepage</span>
				<div class='pre'>passed</div>
			
		</li>
		<li test-id='4' class='node when pass' status='pass'>
			
			<b>When</b>
			
			<span class="bdd-step-name">When I click on bank manager login tab</span>
				<div class='pre'>passed</div>
			
		</li>
		<li test-id='5' class='node then pass' status='pass'>
			
			<b>Then</b>
			
			<span class="bdd-step-name">Then Bank manager should be able to navigate to the add customer page</span>
				<div class='pre'>passed</div>
			
		</li>
		<li test-id='6' class='node when pass' status='pass'>
			
			<b>When</b>
			
			<span class="bdd-step-name">When I click on add customer tab</span>
				<div class='pre'>passed</div>
			
		</li>
		<li test-id='7' class='node and pass' status='pass'>
			
			<b>And</b>
			
			<span class="bdd-step-name">And I enter first name "Nikita"</span>
				<div class='pre'>passed</div>
			
		</li>
		<li test-id='8' class='node and pass' status='pass'>
			
			<b>And</b>
			
			<span class="bdd-step-name">And I enter last name "Patel"</span>
				<div class='pre'>passed</div>
			
		</li>
		<li test-id='9' class='node and pass' status='pass'>
			
			<b>And</b>
			
			<span class="bdd-step-name">And I enter postcode "CF26 5UR"</span>
				<div class='pre'>passed</div>
			
		</li>
		<li test-id='10' class='node when pass' status='pass'>
			
			<b>When</b>
			
			<span class="bdd-step-name">When I click on add customer button</span>
				<div class='pre'>passed</div>
			
		</li>
		<li test-id='11' class='node when pass' status='pass'>
			
			<b>When</b>
			
			<span class="bdd-step-name">When pop up display</span>
				<div class='pre'>passed</div>
			
		</li>
		<li test-id='12' class='node when pass' status='pass'>
			
			<b>When</b>
			
			<span class="bdd-step-name">When click on ok button of pop up</span>
				<div class='pre'>passed</div>
			
		</li>
		<li test-id='13' class='node then pass' status='pass'>
			
			<b>Then</b>
			
			<span class="bdd-step-name">Then verify the message customer added successfully</span>
				<div class='pre'>passed</div>
			
		</li>
	</ul>
</div>
<div class='scenario node' test-id='14' status='fail'>
	<span class='duration right label'>0h 0m 7s+402ms</span>
	<div class='desc'>
		<b>Scenario</b>
		<span class="desc-text">Bank manager should be able to open customer account successfully</span>
	</div>
	<ul class='steps'>
		<li test-id='15' class='node given pass' status='pass'>
			
			<b>Given</b>
			
			<span class="bdd-step-name">Given I am on homepage</span>
				<div class='pre'>passed</div>
			
		</li>
		<li test-id='16' class='node when pass' status='pass'>
			
			<b>When</b>
			
			<span class="bdd-step-name">When I click on bank manager login tab</span>
				<div class='pre'>passed</div>
			
		</li>
		<li test-id='17' class='node then pass' status='pass'>
			
			<b>Then</b>
			
			<span class="bdd-step-name">Then Bank manager should be able to navigate to the add customer page</span>
				<div class='pre'>passed</div>
			
		</li>
		<li test-id='18' class='node when pass' status='pass'>
			
			<b>When</b>
			
			<span class="bdd-step-name">When I click on open account tab</span>
				<div class='pre'>passed</div>
			
		</li>
		<li test-id='19' class='node when pass' status='pass'>
			
			<b>When</b>
			
			<span class="bdd-step-name">When I search customer that is created</span>
				<div class='pre'>passed</div>
			
		</li>
		<li test-id='20' class='node and pass' status='pass'>
			
			<b>And</b>
			
			<span class="bdd-step-name">And I select currency pound</span>
				<div class='pre'>passed</div>
			
		</li>
		<li test-id='21' class='node when pass' status='pass'>
			
			<b>When</b>
			
			<span class="bdd-step-name">When click on process button</span>
				<div class='pre'>passed</div>
			
		</li>
		<li test-id='22' class='node when pass' status='pass'>
			
			<b>When</b>
			
			<span class="bdd-step-name">When pop up display</span>
				<div class='pre'>passed</div>
			
		</li>
		<li test-id='23' class='node then fail' status='fail'>
			
			<b>Then</b>
			
			<span class="bdd-step-name">Then verify the message account created successfully</span>
				<div class='pre'><pre>org.openqa.selenium.NoAlertPresentException: no such alert
  (Session info: chrome=96.0.4664.93)
Build info: version: '4.0.0', revision: '3a21814679'
System info: host: 'PARAM397HP', ip: '192.168.0.8', os.name: 'Windows 10', os.arch: 'amd64', os.version: '10.0', java.version: '1.8.0_121'
Driver info: org.openqa.selenium.chrome.ChromeDriver
Command: [d5bd9f510c00b05fd042b87ed7aab7d4, getAlertText {}]
Capabilities {acceptInsecureCerts: false, browserName: chrome, browserVersion: 96.0.4664.93, chrome: {chromedriverVersion: 96.0.4664.45 (76e4c1bb2ab46..., userDataDir: C:\Users\jpate\AppData\Loca...}, goog:chromeOptions: {debuggerAddress: localhost:50077}, javascriptEnabled: true, networkConnectionEnabled: false, pageLoadStrategy: normal, platform: WINDOWS, platformName: WINDOWS, proxy: Proxy(), se:cdp: ws://localhost:50077/devtoo..., se:cdpVersion: 96.0.4664.93, setWindowRect: true, strictFileInteractability: false, timeouts: {implicit: 0, pageLoad: 300000, script: 30000}, unhandledPromptBehavior: dismiss and notify, webauthn:extension:credBlob: true, webauthn:extension:largeBlob: true, webauthn:virtualAuthenticators: true}
Session ID: d5bd9f510c00b05fd042b87ed7aab7d4
	at sun.reflect.NativeConstructorAccessorImpl.newInstance0(Native Method)
	at sun.reflect.NativeConstructorAccessorImpl.newInstance(NativeConstructorAccessorImpl.java:62)
	at sun.reflect.DelegatingConstructorAccessorImpl.newInstance(DelegatingConstructorAccessorImpl.java:45)
	at java.lang.reflect.Constructor.newInstance(Constructor.java:423)
	at org.openqa.selenium.remote.codec.w3c.W3CHttpResponseCodec.createException(W3CHttpResponseCodec.java:200)
	at org.openqa.selenium.remote.codec.w3c.W3CHttpResponseCodec.decode(W3CHttpResponseCodec.java:133)
	at org.openqa.selenium.remote.codec.w3c.W3CHttpResponseCodec.decode(W3CHttpResponseCodec.java:53)
	at org.openqa.selenium.remote.HttpCommandExecutor.execute(HttpCommandExecutor.java:184)
	at org.openqa.selenium.remote.service.DriverCommandExecutor.invokeExecute(DriverCommandExecutor.java:164)
	at org.openqa.selenium.remote.service.DriverCommandExecutor.execute(DriverCommandExecutor.java:139)
	at org.openqa.selenium.remote.RemoteWebDriver.execute(RemoteWebDriver.java:559)
	at org.openqa.selenium.remote.RemoteWebDriver.execute(RemoteWebDriver.java:614)
	at org.openqa.selenium.remote.RemoteWebDriver.execute(RemoteWebDriver.java:618)
	at org.openqa.selenium.remote.RemoteWebDriver$RemoteTargetLocator.alert(RemoteWebDriver.java:1054)
	at com.bank.utility.Utility.getTextFromAlert(Utility.java:126)
	at com.bank.pages.OpenAccountPage.getText(OpenAccountPage.java:35)
	at com.bank.cucumber.steps.BankManagerSteps.verify_the_message_account_created_successfully(BankManagerSteps.java:102)
	at ✽.Then verify the message account created successfully(bank.feature:27)
</pre></div>
			
		</li>
		<li test-id='24' class='node and skip' status='skip'>
			
			<b>And</b>
			
			<span class="bdd-step-name">And click on ok button of pop up</span>
			<ul class='screenshots right'>
				<li><a data-featherlight="image" href="C:\Users\jpate\IdeaProjects\cucumber-xyz-bank/src/main/java/com/nopcommerce/demo/screenshots/_B_a_n_k_ _m_a_n_a_g_e_r_ _s_h_o_u_l_d_ _b_e_ _a_b_l_e_ _t_o_ _o_p_e_n_ _c_u_s_t_o_m_e_r_ _a_c_c_o_u_n_t_ _s_u_c_c_e_s_s_f_u_l_l_y_20211213103449.png"><i class='material-icons'>panorama</i></a></li>
			</ul>
				<div class='pre'>skipped</div>
			
		</li>
	</ul>
</div>
					</div>
				</li>
				
				
				<li class='test displayed active has-leaf fail' status='fail' bdd='true' test-id='25'>
					<div class='test-heading'>
						<span class='test-name'>Bank Test</span>
						<span class='test-time'>Dec 13, 2021 10:34:52 PM</span>
						<span class='test-status right fail'>fail</span>
					</div>
					<div class='test-content hide'>
<div class='scenario node' test-id='26' status='pass'>
	<span class='duration right label'>0h 0m 7s+684ms</span>
	<div class='desc'>
		<b>Scenario</b>
		<span class="desc-text">Customer should be able to login and logout successfully</span>
	</div>
	<ul class='steps'>
		<li test-id='27' class='node given pass' status='pass'>
			
			<b>Given</b>
			
			<span class="bdd-step-name">Given I am on homepage</span>
				<div class='pre'>passed</div>
			
		</li>
		<li test-id='28' class='node when pass' status='pass'>
			
			<b>When</b>
			
			<span class="bdd-step-name">When I click on customer login tab</span>
				<div class='pre'>passed</div>
			
		</li>
		<li test-id='29' class='node then pass' status='pass'>
			
			<b>Then</b>
			
			<span class="bdd-step-name">Then customer should be able to navigate to his login page</span>
				<div class='pre'>passed</div>
			
		</li>
		<li test-id='30' class='node when pass' status='pass'>
			
			<b>When</b>
			
			<span class="bdd-step-name">When I search the customer "Harry Potter"</span>
				<div class='pre'>passed</div>
			
		</li>
		<li test-id='31' class='node and pass' status='pass'>
			
			<b>And</b>
			
			<span class="bdd-step-name">And click on login tab</span>
				<div class='pre'>passed</div>
			
		</li>
		<li test-id='32' class='node and pass' status='pass'>
			
			<b>And</b>
			
			<span class="bdd-step-name">And verify logout tab is displayed</span>
				<div class='pre'>passed</div>
			
		</li>
		<li test-id='33' class='node and pass' status='pass'>
			
			<b>And</b>
			
			<span class="bdd-step-name">And click on logout</span>
				<div class='pre'>passed</div>
			
		</li>
		<li test-id='34' class='node then pass' status='pass'>
			
			<b>Then</b>
			
			<span class="bdd-step-name">Then verify your name text is displayed</span>
				<div class='pre'>passed</div>
			
		</li>
	</ul>
</div>
<div class='scenario node' test-id='35' status='pass'>
	<span class='duration right label'>0h 0m 8s+347ms</span>
	<div class='desc'>
		<b>Scenario</b>
		<span class="desc-text">Customer should be able to deposit money successfully</span>
	</div>
	<ul class='steps'>
		<li test-id='36' class='node given pass' status='pass'>
			
			<b>Given</b>
			
			<span class="bdd-step-name">Given I am on homepage</span>
				<div class='pre'>passed</div>
			
		</li>
		<li test-id='37' class='node when pass' status='pass'>
			
			<b>When</b>
			
			<span class="bdd-step-name">When I click on customer login tab</span>
				<div class='pre'>passed</div>
			
		</li>
		<li test-id='38' class='node then pass' status='pass'>
			
			<b>Then</b>
			
			<span class="bdd-step-name">Then customer should be able to navigate to his login page</span>
				<div class='pre'>passed</div>
			
		</li>
		<li test-id='39' class='node when pass' status='pass'>
			
			<b>When</b>
			
			<span class="bdd-step-name">When I search the customer "Harry Potter"</span>
				<div class='pre'>passed</div>
			
		</li>
		<li test-id='40' class='node and pass' status='pass'>
			
			<b>And</b>
			
			<span class="bdd-step-name">And click on login tab</span>
				<div class='pre'>passed</div>
			
		</li>
		<li test-id='41' class='node and pass' status='pass'>
			
			<b>And</b>
			
			<span class="bdd-step-name">And click on deposit tab</span>
				<div class='pre'>passed</div>
			
		</li>
		<li test-id='42' class='node and pass' status='pass'>
			
			<b>And</b>
			
			<span class="bdd-step-name">And enter amount 100</span>
				<div class='pre'>passed</div>
			
		</li>
		<li test-id='43' class='node and pass' status='pass'>
			
			<b>And</b>
			
			<span class="bdd-step-name">And click on deposit button</span>
				<div class='pre'>passed</div>
			
		</li>
		<li test-id='44' class='node and pass' status='pass'>
			
			<b>And</b>
			
			<span class="bdd-step-name">And verify the message "Deposit Successful"</span>
				<div class='pre'>passed</div>
			
		</li>
	</ul>
</div>
<div class='scenario node' test-id='45' status='fail'>
	<span class='duration right label'>0h 0m 30s+876ms</span>
	<div class='desc'>
		<b>Scenario</b>
		<span class="desc-text">Customer should be able to withdraw money successfully</span>
	</div>
	<ul class='steps'>
		<li test-id='46' class='node given pass' status='pass'>
			
			<b>Given</b>
			
			<span class="bdd-step-name">Given I am on homepage</span>
				<div class='pre'>passed</div>
			
		</li>
		<li test-id='47' class='node when pass' status='pass'>
			
			<b>When</b>
			
			<span class="bdd-step-name">When I click on customer login tab</span>
				<div class='pre'>passed</div>
			
		</li>
		<li test-id='48' class='node then pass' status='pass'>
			
			<b>Then</b>
			
			<span class="bdd-step-name">Then customer should be able to navigate to his login page</span>
				<div class='pre'>passed</div>
			
		</li>
		<li test-id='49' class='node when pass' status='pass'>
			
			<b>When</b>
			
			<span class="bdd-step-name">When I search the customer "Harry Potter"</span>
				<div class='pre'>passed</div>
			
		</li>
		<li test-id='50' class='node and pass' status='pass'>
			
			<b>And</b>
			
			<span class="bdd-step-name">And click on login tab</span>
				<div class='pre'>passed</div>
			
		</li>
		<li test-id='51' class='node and pass' status='pass'>
			
			<b>And</b>
			
			<span class="bdd-step-name">And click on deposit tab</span>
				<div class='pre'>passed</div>
			
		</li>
		<li test-id='52' class='node and pass' status='pass'>
			
			<b>And</b>
			
			<span class="bdd-step-name">And enter amount 500</span>
				<div class='pre'>passed</div>
			
		</li>
		<li test-id='53' class='node and pass' status='pass'>
			
			<b>And</b>
			
			<span class="bdd-step-name">And click on deposit button</span>
				<div class='pre'>passed</div>
			
		</li>
		<li test-id='54' class='node and pass' status='pass'>
			
			<b>And</b>
			
			<span class="bdd-step-name">And click on withdrawal tab</span>
				<div class='pre'>passed</div>
			
		</li>
		<li test-id='55' class='node and pass' status='pass'>
			
			<b>And</b>
			
			<span class="bdd-step-name">And enter amount 50</span>
				<div class='pre'>passed</div>
			
		</li>
		<li test-id='56' class='node and pass' status='pass'>
			
			<b>And</b>
			
			<span class="bdd-step-name">And click on withdraw button</span>
				<div class='pre'>passed</div>
			
		</li>
		<li test-id='57' class='node then fail' status='fail'>
			
			<b>Then</b>
			
			<span class="bdd-step-name">Then check the message "Transaction successful"</span>
			<ul class='screenshots right'>
				<li><a data-featherlight="image" href="C:\Users\jpate\IdeaProjects\cucumber-xyz-bank/src/main/java/com/nopcommerce/demo/screenshots/_C_u_s_t_o_m_e_r_ _s_h_o_u_l_d_ _b_e_ _a_b_l_e_ _t_o_ _w_i_t_h_d_r_a_w_ _m_o_n_e_y_ _s_u_c_c_e_s_s_f_u_l_l_y_20211213103542.png"><i class='material-icons'>panorama</i></a></li>
			</ul>
				<div class='pre'><pre>org.openqa.selenium.NoSuchElementException: no such element: Unable to locate element: {"method":"xpath","selector":"//div[@class='ng-scope']//span[contains(text(),'Transaction successful')]"}
  (Session info: chrome=96.0.4664.93)
For documentation on this error, please visit: https://selenium.dev/exceptions/#no_such_element
Build info: version: '4.0.0', revision: '3a21814679'
System info: host: 'PARAM397HP', ip: '192.168.0.8', os.name: 'Windows 10', os.arch: 'amd64', os.version: '10.0', java.version: '1.8.0_121'
Driver info: org.openqa.selenium.chrome.ChromeDriver
Command: [0cb08bb52445bd17938c65a22ed1ea81, findElement {using=xpath, value=//div[@class='ng-scope']//span[contains(text(),'Transaction successful')]}]
Capabilities {acceptInsecureCerts: false, browserName: chrome, browserVersion: 96.0.4664.93, chrome: {chromedriverVersion: 96.0.4664.45 (76e4c1bb2ab46..., userDataDir: C:\Users\jpate\AppData\Loca...}, goog:chromeOptions: {debuggerAddress: localhost:50177}, javascriptEnabled: true, networkConnectionEnabled: false, pageLoadStrategy: normal, platform: WINDOWS, platformName: WINDOWS, proxy: Proxy(), se:cdp: ws://localhost:50177/devtoo..., se:cdpVersion: 96.0.4664.93, setWindowRect: true, strictFileInteractability: false, timeouts: {implicit: 0, pageLoad: 300000, script: 30000}, unhandledPromptBehavior: dismiss and notify, webauthn:extension:credBlob: true, webauthn:extension:largeBlob: true, webauthn:virtualAuthenticators: true}
Session ID: 0cb08bb52445bd17938c65a22ed1ea81
	at sun.reflect.NativeConstructorAccessorImpl.newInstance0(Native Method)
	at sun.reflect.NativeConstructorAccessorImpl.newInstance(NativeConstructorAccessorImpl.java:62)
	at sun.reflect.DelegatingConstructorAccessorImpl.newInstance(DelegatingConstructorAccessorImpl.java:45)
	at java.lang.reflect.Constructor.newInstance(Constructor.java:423)
	at org.openqa.selenium.remote.codec.w3c.W3CHttpResponseCodec.createException(W3CHttpResponseCodec.java:200)
	at org.openqa.selenium.remote.codec.w3c.W3CHttpResponseCodec.decode(W3CHttpResponseCodec.java:133)
	at org.openqa.selenium.remote.codec.w3c.W3CHttpResponseCodec.decode(W3CHttpResponseCodec.java:53)
	at org.openqa.selenium.remote.HttpCommandExecutor.execute(HttpCommandExecutor.java:184)
	at org.openqa.selenium.remote.service.DriverCommandExecutor.invokeExecute(DriverCommandExecutor.java:164)
	at org.openqa.selenium.remote.service.DriverCommandExecutor.execute(DriverCommandExecutor.java:139)
	at org.openqa.selenium.remote.RemoteWebDriver.execute(RemoteWebDriver.java:559)
	at org.openqa.selenium.remote.ElementLocation$ElementFinder$2.findElement(ElementLocation.java:162)
	at org.openqa.selenium.remote.ElementLocation.findElement(ElementLocation.java:60)
	at org.openqa.selenium.remote.RemoteWebDriver.findElement(RemoteWebDriver.java:383)
	at org.openqa.selenium.remote.RemoteWebDriver.findElement(RemoteWebDriver.java:375)
	at org.openqa.selenium.support.pagefactory.DefaultElementLocator.findElement(DefaultElementLocator.java:70)
	at org.openqa.selenium.support.pagefactory.internal.LocatingElementHandler.invoke(LocatingElementHandler.java:39)
	at com.sun.proxy.$Proxy22.getText(Unknown Source)
	at com.bank.pages.AccountPage.verifyTranSuccess(AccountPage.java:69)
	at com.bank.cucumber.steps.CustomerSteps.checkTheMessage(CustomerSteps.java:93)
	at ✽.Then check the message "Transaction successful"(customer.feature:34)
</pre></div>
			
		</li>
	</ul>
</div>
					</div>
				</li>
			</ul>
		</div>
	</div>
	<!-- subview left -->

	<div class='subview-right left'>
		<div class='view-summary'>
			<h5 class='test-name'></h5>

			<div id='step-filters' class="right">
				<span class="blue-text" status="info" alt="info" title="info"><i class="material-icons">info_outline</i></span>
				<span class="green-text" status="pass" alt="pass" title="pass"><i class="material-icons">check_circle</i></span>
				<span class="red-text" status="fail" alt="fail" title="fail"><i class="material-icons">cancel</i></span>
				<span class="red-text text-darken-4" status="fatal" alt="fatal" title="fatal"><i class="material-icons">cancel</i></span>
				<span class="pink-text text-lighten-1" status="error" alt="error" title="error"><i class="material-icons">error</i></span>
				<span class="orange-text" alt="warning" status="warning" title="warning"><i class="material-icons">warning</i></span>
				<span class="teal-text" status="skip" alt="skip" title="skip"><i class="material-icons">redo</i></span>
				<span status="clear" alt="Clear filters" title="Clear filters"><i class="material-icons">clear</i></span>
			</div>
		</div>
	</div>
	<!-- subview right -->

</div>
<!-- test view -->
<div id='category-view' class='view hide'>

	<section id='controls'>
		<div class='controls grey lighten-4'>
			<!-- search -->
			<div class='chip transparent' alt='Search Tests' title='Search Tests'>
				<a href="#" class='search-div'>
					<i class='material-icons'>search</i> Search
				</a>
				
				<div class='input-field left hide'>
					<input id='search-tests' type='text' class='validate browser-default' placeholder='Search Tests...'>
				</div>
				
			</div>
			<!-- search -->
		</div>
	</section>

	<div class='subview-left left'>
		
		<div class='view-summary'>
			<h5>Categories</h3>
			<ul id='category-collection' class='category-collection'>
				
				<li class='category displayed active'>
					<div class='category-heading'>
						<span class='category-name'>@Regression</span>
						<span class='category-status right'>
							<span class='label fail'>2</span>
						</span>
					</div>
					<div class='category-content hide'>
						<div class='category-status-counts'>
							
							<span class='label red lighten-1 white-text'>Failed: 2</span>
							
						</div>
					
						<div class='category-tests'>
							<table class='bordered table-results'>
								<thead>
									<tr>
										<th>Timestamp</th>
										<th>TestName</th>
										<th>Status</th>
									</tr>
								</thead>
								<tbody>
									<tr>
										<td>Dec 13, 2021 10:34:24 PM</td>
										<td class='linked' test-id='1'>Bank Test</td>
										<td><span class='test-status fail'>fail</span></td>
									</tr>
									<tr>
										<td>Dec 13, 2021 10:34:52 PM</td>
										<td class='linked' test-id='25'>Bank Test</td>
										<td><span class='test-status fail'>fail</span></td>
									</tr>
								</tbody>
							</table>
						</div>
					</div>
				</li>

			</ul>
		</div>
	</div>

	<div class='subview-right left'>
		<div class='view-summary'>
			<h5 class='category-name'></h5>
		</div>
	</div>
</div>
<!-- category view -->
<div id='author-view' class='view hide'>
    <section id='controls'>
        <div class='controls grey lighten-4'>
            <!-- search -->
            <div class='chip transparent' alt='Search Authors' title='Search Authors'>
                <a href="#" class='search-div'>
                    <i class='material-icons'>search</i> Search
                </a>

                <div class='input-field left hide'>
                    <input id='search-tests' type='text' class='validate browser-default' placeholder='Search Authors...'>
                </div>

            </div>
            <!-- search -->
        </div>
    </section>

    <div class='subview-left left'>

        <div class='view-summary'>
            <h5>Authors</h5>
                <ul id='author-collection' class='author-collection'>

                        <li class='author displayed active'>
                            <div class='author-heading'>
                                <span class='author-name'>Dimple</span>
                                <span class='author-status right'>
                                        <span class='label pass'>3</span>
                                        <span class='label fail'>2</span>
						        </span>
                            </div>
                            <div class='author-content hide'>
                                <div class='author-status-counts'>
                                    <span class='label green accent-4 white-text'>Passed: 3</span>
                                    <span class='label red lighten-1 white-text'>Failed: 2</span>
                                    
                                </div>

                                <div class='author-tests'>
                                    <table class='bordered table-results'>
                                        <thead>
                                        <tr>
                                            <th>Timestamp</th>
                                            <th>TestName</th>
                                            <th>Status</th>
                                        </tr>
                                        </thead>
                                        <tbody>
                                            <tr>
                                                <td>Dec 13, 2021 10:34:24 PM</td>
                                                <td class='linked' test-id='2'>Bank Test.Bank manager should be able to add customer name successfully</td>
                                                <td><span class='test-status pass'>pass</span></td>
                                            </tr>
                                            <tr>
                                                <td>Dec 13, 2021 10:34:42 PM</td>
                                                <td class='linked' test-id='14'>Bank Test.Bank manager should be able to open customer account successfully</td>
                                                <td><span class='test-status fail'>fail</span></td>
                                            </tr>
                                            <tr>
                                                <td>Dec 13, 2021 10:34:52 PM</td>
                                                <td class='linked' test-id='26'>Bank Test.Customer should be able to login and logout successfully</td>
                                                <td><span class='test-status pass'>pass</span></td>
                                            </tr>
                                            <tr>
                                                <td>Dec 13, 2021 10:35:01 PM</td>
                                                <td class='linked' test-id='35'>Bank Test.Customer should be able to deposit money successfully</td>
                                                <td><span class='test-status pass'>pass</span></td>
                                            </tr>
                                            <tr>
                                                <td>Dec 13, 2021 10:35:11 PM</td>
                                                <td class='linked' test-id='45'>Bank Test.Customer should be able to withdraw money successfully</td>
                                                <td><span class='test-status fail'>fail</span></td>
                                            </tr>
                                        </tbody>
                                    </table>
                                </div>
                            </div>
                        </li>

                </ul>
        </div>
    </div>

    <div class='subview-right left'>
        <div class='view-summary'>
            <h5 class='author-name'></h5>
        </div>
    </div>
</div>
<div id='exception-view' class='view hide'>

    <section id='controls'>
        <div class='controls grey lighten-4'>
            <!-- search -->
            <div class='chip transparent' alt='Search Tests' title='Search Tests'>
                <a href="#" class='search-div'>
                    <i class='material-icons'>search</i> Search
                </a>

                <div class='input-field left hide'>
                    <input id='search-tests' type='text' class='validate browser-default' placeholder='Search Tests...'>
                </div>

            </div>
            <!-- search -->
        </div>
    </section>

    <div class='subview-left left'>

        <div class='view-summary'>
            <h5>Exceptions</h3>
                <ul id='exception-collection' class='exception-collection'>

                        <li class='exception displayed active'>
                            <div class='exception-heading'>
                                <span class='exception-name'>org.openqa.selenium.NoAlertPresentException</span>
                                <span class='exception-count right'><span class='label red lighten-1 white-text'>1</span></span>
                            </div>
                            <div class='exception-content hide'>
                                <div class='exception-tests'>
                                    <table class='bordered table-results'>
                                        <thead>
                                        <tr>
                                            <th>Timestamp</th>
                                            <th>TestName</th>
                                            <th>Status</th>
                                        </tr>
                                        </thead>
                                        <tbody>
                                                    <tr>
                                                        <td>Dec 13, 2021 10:34:49 PM</td>
                                                        <td class='linked' test-id='23'>Bank Test.Bank manager should be able to open customer account successfully.Then verify the message account created successfully</td>
                                                        <td><pre><pre>org.openqa.selenium.NoAlertPresentException: no such alert
  (Session info: chrome=96.0.4664.93)
Build info: version: '4.0.0', revision: '3a21814679'
System info: host: 'PARAM397HP', ip: '192.168.0.8', os.name: 'Windows 10', os.arch: 'amd64', os.version: '10.0', java.version: '1.8.0_121'
Driver info: org.openqa.selenium.chrome.ChromeDriver
Command: [d5bd9f510c00b05fd042b87ed7aab7d4, getAlertText {}]
Capabilities {acceptInsecureCerts: false, browserName: chrome, browserVersion: 96.0.4664.93, chrome: {chromedriverVersion: 96.0.4664.45 (76e4c1bb2ab46..., userDataDir: C:\Users\jpate\AppData\Loca...}, goog:chromeOptions: {debuggerAddress: localhost:50077}, javascriptEnabled: true, networkConnectionEnabled: false, pageLoadStrategy: normal, platform: WINDOWS, platformName: WINDOWS, proxy: Proxy(), se:cdp: ws://localhost:50077/devtoo..., se:cdpVersion: 96.0.4664.93, setWindowRect: true, strictFileInteractability: false, timeouts: {implicit: 0, pageLoad: 300000, script: 30000}, unhandledPromptBehavior: dismiss and notify, webauthn:extension:credBlob: true, webauthn:extension:largeBlob: true, webauthn:virtualAuthenticators: true}
Session ID: d5bd9f510c00b05fd042b87ed7aab7d4
	at sun.reflect.NativeConstructorAccessorImpl.newInstance0(Native Method)
	at sun.reflect.NativeConstructorAccessorImpl.newInstance(NativeConstructorAccessorImpl.java:62)
	at sun.reflect.DelegatingConstructorAccessorImpl.newInstance(DelegatingConstructorAccessorImpl.java:45)
	at java.lang.reflect.Constructor.newInstance(Constructor.java:423)
	at org.openqa.selenium.remote.codec.w3c.W3CHttpResponseCodec.createException(W3CHttpResponseCodec.java:200)
	at org.openqa.selenium.remote.codec.w3c.W3CHttpResponseCodec.decode(W3CHttpResponseCodec.java:133)
	at org.openqa.selenium.remote.codec.w3c.W3CHttpResponseCodec.decode(W3CHttpResponseCodec.java:53)
	at org.openqa.selenium.remote.HttpCommandExecutor.execute(HttpCommandExecutor.java:184)
	at org.openqa.selenium.remote.service.DriverCommandExecutor.invokeExecute(DriverCommandExecutor.java:164)
	at org.openqa.selenium.remote.service.DriverCommandExecutor.execute(DriverCommandExecutor.java:139)
	at org.openqa.selenium.remote.RemoteWebDriver.execute(RemoteWebDriver.java:559)
	at org.openqa.selenium.remote.RemoteWebDriver.execute(RemoteWebDriver.java:614)
	at org.openqa.selenium.remote.RemoteWebDriver.execute(RemoteWebDriver.java:618)
	at org.openqa.selenium.remote.RemoteWebDriver$RemoteTargetLocator.alert(RemoteWebDriver.java:1054)
	at com.bank.utility.Utility.getTextFromAlert(Utility.java:126)
	at com.bank.pages.OpenAccountPage.getText(OpenAccountPage.java:35)
	at com.bank.cucumber.steps.BankManagerSteps.verify_the_message_account_created_successfully(BankManagerSteps.java:102)
	at ✽.Then verify the message account created successfully(bank.feature:27)
</pre></pre></td>
                                                    </tr>
                                        </tbody>
                                    </table>
                                </div>
                            </div>
                        </li>
                        <li class='exception displayed active'>
                            <div class='exception-heading'>
                                <span class='exception-name'>org.openqa.selenium.NoSuchElementException</span>
                                <span class='exception-count right'><span class='label red lighten-1 white-text'>1</span></span>
                            </div>
                            <div class='exception-content hide'>
                                <div class='exception-tests'>
                                    <table class='bordered table-results'>
                                        <thead>
                                        <tr>
                                            <th>Timestamp</th>
                                            <th>TestName</th>
                                            <th>Status</th>
                                        </tr>
                                        </thead>
                                        <tbody>
                                                    <tr>
                                                        <td>Dec 13, 2021 10:35:22 PM</td>
                                                        <td class='linked' test-id='57'>Bank Test.Customer should be able to withdraw money successfully.Then check the message "Transaction successful"</td>
                                                        <td><pre><pre>org.openqa.selenium.NoSuchElementException: no such element: Unable to locate element: {"method":"xpath","selector":"//div[@class='ng-scope']//span[contains(text(),'Transaction successful')]"}
  (Session info: chrome=96.0.4664.93)
For documentation on this error, please visit: https://selenium.dev/exceptions/#no_such_element
Build info: version: '4.0.0', revision: '3a21814679'
System info: host: 'PARAM397HP', ip: '192.168.0.8', os.name: 'Windows 10', os.arch: 'amd64', os.version: '10.0', java.version: '1.8.0_121'
Driver info: org.openqa.selenium.chrome.ChromeDriver
Command: [0cb08bb52445bd17938c65a22ed1ea81, findElement {using=xpath, value=//div[@class='ng-scope']//span[contains(text(),'Transaction successful')]}]
Capabilities {acceptInsecureCerts: false, browserName: chrome, browserVersion: 96.0.4664.93, chrome: {chromedriverVersion: 96.0.4664.45 (76e4c1bb2ab46..., userDataDir: C:\Users\jpate\AppData\Loca...}, goog:chromeOptions: {debuggerAddress: localhost:50177}, javascriptEnabled: true, networkConnectionEnabled: false, pageLoadStrategy: normal, platform: WINDOWS, platformName: WINDOWS, proxy: Proxy(), se:cdp: ws://localhost:50177/devtoo..., se:cdpVersion: 96.0.4664.93, setWindowRect: true, strictFileInteractability: false, timeouts: {implicit: 0, pageLoad: 300000, script: 30000}, unhandledPromptBehavior: dismiss and notify, webauthn:extension:credBlob: true, webauthn:extension:largeBlob: true, webauthn:virtualAuthenticators: true}
Session ID: 0cb08bb52445bd17938c65a22ed1ea81
	at sun.reflect.NativeConstructorAccessorImpl.newInstance0(Native Method)
	at sun.reflect.NativeConstructorAccessorImpl.newInstance(NativeConstructorAccessorImpl.java:62)
	at sun.reflect.DelegatingConstructorAccessorImpl.newInstance(DelegatingConstructorAccessorImpl.java:45)
	at java.lang.reflect.Constructor.newInstance(Constructor.java:423)
	at org.openqa.selenium.remote.codec.w3c.W3CHttpResponseCodec.createException(W3CHttpResponseCodec.java:200)
	at org.openqa.selenium.remote.codec.w3c.W3CHttpResponseCodec.decode(W3CHttpResponseCodec.java:133)
	at org.openqa.selenium.remote.codec.w3c.W3CHttpResponseCodec.decode(W3CHttpResponseCodec.java:53)
	at org.openqa.selenium.remote.HttpCommandExecutor.execute(HttpCommandExecutor.java:184)
	at org.openqa.selenium.remote.service.DriverCommandExecutor.invokeExecute(DriverCommandExecutor.java:164)
	at org.openqa.selenium.remote.service.DriverCommandExecutor.execute(DriverCommandExecutor.java:139)
	at org.openqa.selenium.remote.RemoteWebDriver.execute(RemoteWebDriver.java:559)
	at org.openqa.selenium.remote.ElementLocation$ElementFinder$2.findElement(ElementLocation.java:162)
	at org.openqa.selenium.remote.ElementLocation.findElement(ElementLocation.java:60)
	at org.openqa.selenium.remote.RemoteWebDriver.findElement(RemoteWebDriver.java:383)
	at org.openqa.selenium.remote.RemoteWebDriver.findElement(RemoteWebDriver.java:375)
	at org.openqa.selenium.support.pagefactory.DefaultElementLocator.findElement(DefaultElementLocator.java:70)
	at org.openqa.selenium.support.pagefactory.internal.LocatingElementHandler.invoke(LocatingElementHandler.java:39)
	at com.sun.proxy.$Proxy22.getText(Unknown Source)
	at com.bank.pages.AccountPage.verifyTranSuccess(AccountPage.java:69)
	at com.bank.cucumber.steps.CustomerSteps.checkTheMessage(CustomerSteps.java:93)
	at ✽.Then check the message "Transaction successful"(customer.feature:34)
</pre></pre></td>
                                                    </tr>
                                        </tbody>
                                    </table>
                                </div>
                            </div>
                        </li>
                </ul>
        </div>
    </div>

    <div class='subview-right left'>
        <div class='view-summary'>
            <h5 class='exception-name'></h5>
        </div>
    </div>
</div>
<!-- exception view -->
<div id='dashboard-view' class='view hide'>
	<div class='card-panel transparent np-v'>
		<h5>Dashboard</h5>

		<div class='row'>
			<div class='col s2'>
				<div class='card-panel r'>
					Features
					<div class='panel-lead'>2</div>
				</div>
			</div>
			<div class='col s2'>
				<div class='card-panel r'>
					Scenarios
					<div class='panel-lead'>5</div>
				</div>
			</div>
			<div class='col s2'>
				<div class='card-panel r'>
					Steps
					<div class='panel-lead'>50</div>
				</div>
			</div>
			<div class='col s2'>
				<div class='card-panel r'>
					Start
					<div class='panel-lead'>Dec 13, 2021 10:34:24 PM</div>
				</div>
			</div>
			<div class='col s2'>
				<div class='card-panel r'>
			 		End
			 		<div class='panel-lead'>Dec 13, 2021 10:35:44 PM</div>
				</div>
			</div>
			<div class='col s2'>
				<div class='card-panel r'>
					Time Taken
					<div class='panel-lead'>80,044ms</div>
				</div>
			</div>
			<div class='col s4'>
				<div class='card-panel dashboard-environment'>
					<span class='right label cyan white-text'>Environment</span><p>&nbsp;</p>
					
					<table>
						<tr>
							<th>Name</th>
							<th>Value</th>
						</tr>
							<tr>
								<td>User Name</td>
								<td>jpate</td>
							</tr>
							<tr>
								<td>Time Zone</td>
								<td>Europe/London</td>
							</tr>
							<tr>
								<td>Machine</td>
								<td>Windows 1064 Bit</td>
							</tr>
							<tr>
								<td>Selenium</td>
								<td>3.141.59</td>
							</tr>
							<tr>
								<td>Maven</td>
								<td>3.5.9</td>
							</tr>
							<tr>
								<td>Java Version</td>
								<td>1.8.0_151</td>
							</tr>
					</table>
				</div>
			</div>
			<div class='col s6'>
				<div class='card-panel dashboard-categories'>
					<span class='right label cyan white-text'>Categories</span><p>&nbsp;</p>
					
					<table>
						<tr>
							<th>Name</th>
							<th>Passed</th>
							<th>Failed</th>
							<th>Others</th>
							<th>Passed %</th>
						</tr>
						<tr>
							<td>@Regression</td>
							<td>0</td>
							<td>2</td>
							<td>0</td>
							<td>
									0%
							</td>
						</tr>
					</table>
				</div>
			</div>
		</div>
	</div>
</div>
<!-- dashboard view -->
<!-- testrunner-logs view -->
		</div>
		<!-- container -->

		<script>
			var statusGroup = {
				passParent: 0,
				failParent: 2,
				fatalParent: 0,
				errorParent: 0,
				warningParent: 0,
				skipParent: 0,
				exceptionsParent: 2,
				
				passChild: 3,
				failChild: 2,
				fatalChild: 0,
				errorChild: 0,
				warningChild: 0,
				skipChild: 0,
				infoChild: 0,
				exceptionsChild: 2,
				
				passGrandChild: 47,
				failGrandChild: 2,
				fatalGrandChild: 0,
				errorGrandChild: 0,
				warningGrandChild: 0,
				skipGrandChild: 1,
				infoGrandChild: 0,
				exceptionsGrandChild: 3,
			};
		</script>
		
			<script src='https://cdn.rawgit.com/anshooarora/extentreports-java/fca20fb7653aade98810546ab96a2a4360e3e712/dist/js/extent.js' type='text/javascript'></script>
		
		
 		<script type='text/javascript'>
 			
            
        $(document).ready(function() {

        });
      
        
 		</script>
	</body>
	
</html>
